<?xml version="1.0" encoding="UTF-8"?>
<!-- Generated by org.testng.reporters.JUnitReportReporter -->
<testsuite hostname="DESKTOP-QK9M2DL" failures="0" tests="4" name="com.qa.automation.test.LoginPageTest" time="7.104" errors="0" timestamp="01 Aug. 2022 18:42:54 GMT" skipped="0">
  <testcase classname="com.qa.automation.test.LoginPageTest" name="loginPageUrlTest" time="0.021"/>
  <testcase classname="com.qa.automation.test.LoginPageTest" name="loginPageTitleTest" time="0.026"/>
  <testcase classname="com.qa.automation.test.LoginPageTest" name="forgotPwdLinkTest" time="0.185"/>
  <testcase classname="com.qa.automation.test.LoginPageTest" name="loginTest" time="6.872"/>
</testsuite> <!-- com.qa.automation.test.LoginPageTest -->
